# JRE version: OpenJDK Runtime Environment Temurin-21.0.10+7 (21.0.10+7) (build 21.0.10+7-LTS)
# Java VM: OpenJDK 64-Bit Server VM Temurin-21.0.10+7 (21.0.10+7-LTS, mixed mode, sharing, tiered, compressed oops, compressed class ptrs, parallel gc, windows-amd64)
GC Precious Log:
 CardTable entry size: 512
 CPUs: 12 total, 12 available
 Memory: 16085M
 Large Page Support: Disabled
 NUMA Support: Disabled
 Compressed Oops: Enabled (32-bit)
 Alignments: Space 512K, Generation 512K, Heap 2M
 Heap Min Capacity: 100M
 Heap Initial Capacity: 100M
 Heap Max Capacity: 2G
 Pre-touch: Disabled
 Parallel Workers: 10
Heap:
 PSYoungGen      total 2048K, used 1186K [0x00000000d5580000, 0x00000000d5880000, 0x0000000100000000)
  eden space 1536K, 60% used [0x00000000d5580000,0x00000000d5668b70,0x00000000d5700000)
  from space 512K, 50% used [0x00000000d5800000,0x00000000d5840000,0x00000000d5880000)
  to   space 512K, 0% used [0x00000000d5780000,0x00000000d5780000,0x00000000d5800000)
 ParOldGen       total 647680K, used 647625K [0x0000000080000000, 0x00000000a7880000, 0x00000000d5580000)
  object space 647680K, 99% used [0x0000000080000000,0x00000000a7872748,0x00000000a7880000)
 Metaspace       used 92022K, committed 93632K, reserved 1179648K
  class space    used 10663K, committed 11392K, reserved 1048576K
GC Heap History (20 events):
Event: 8771.586 GC heap before
{Heap before GC invocations=1315 (full 4):
 PSYoungGen      total 2048K, used 1859K [0x00000000d5580000, 0x00000000d5880000, 0x0000000100000000)
  eden space 1536K, 99% used [0x00000000d5580000,0x00000000d56ffc20,0x00000000d5700000)
  from space 512K, 63% used [0x00000000d5800000,0x00000000d5851200,0x00000000d5880000)
  to   space 512K, 0% used [0x00000000d5780000,0x00000000d5780000,0x00000000d5800000)
 ParOldGen       total 645120K, used 644977K [0x0000000080000000, 0x00000000a7600000, 0x00000000d5580000)
  object space 645120K, 99% used [0x0000000080000000,0x00000000a75dc5f0,0x00000000a7600000)
 Metaspace       used 92013K, committed 93632K, reserved 1179648K
  class space    used 10663K, committed 11392K, reserved 1048576K
}
Event: 8771.587 GC heap after
{Heap after GC invocations=1315 (full 4):
 PSYoungGen      total 2048K, used 292K [0x00000000d5580000, 0x00000000d5880000, 0x0000000100000000)
  eden space 1536K, 0% used [0x00000000d5580000,0x00000000d5580000,0x00000000d5700000)
  from space 512K, 57% used [0x00000000d5780000,0x00000000d57c9200,0x00000000d5800000)
  to   space 512K, 0% used [0x00000000d5800000,0x00000000d5800000,0x00000000d5880000)
 ParOldGen       total 645120K, used 645049K [0x0000000080000000, 0x00000000a7600000, 0x00000000d5580000)
  object space 645120K, 99% used [0x0000000080000000,0x00000000a75ee5f0,0x00000000a7600000)
 Metaspace       used 92013K, committed 93632K, reserved 1179648K
  class space    used 10663K, committed 11392K, reserved 1048576K
}
Event: 8771.597 GC heap before
{Heap before GC invocations=1316 (full 4):
 PSYoungGen      total 2048K, used 1828K [0x00000000d5580000, 0x00000000d5880000, 0x0000000100000000)
  eden space 1536K, 99% used [0x00000000d5580000,0x00000000d56ffff8,0x00000000d5700000)
  from space 512K, 57% used [0x00000000d5780000,0x00000000d57c9200,0x00000000d5800000)
  to   space 512K, 0% used [0x00000000d5800000,0x00000000d5800000,0x00000000d5880000)
 ParOldGen       total 645120K, used 645049K [0x0000000080000000, 0x00000000a7600000, 0x00000000d5580000)
  object space 645120K, 99% used [0x0000000080000000,0x00000000a75ee5f0,0x00000000a7600000)
 Metaspace       used 92013K, committed 93632K, reserved 1179648K
  class space    used 10663K, committed 11392K, reserved 1048576K
}
Event: 8771.599 GC heap after
{Heap after GC invocations=1316 (full 4):
 PSYoungGen      total 2048K, used 512K [0x00000000d5580000, 0x00000000d5900000, 0x0000000100000000)
  eden space 1536K, 0% used [0x00000000d5580000,0x00000000d5580000,0x00000000d5700000)
  from space 512K, 100% used [0x00000000d5800000,0x00000000d5880000,0x00000000d5880000)
  to   space 1024K, 0% used [0x00000000d5700000,0x00000000d5700000,0x00000000d5800000)
 ParOldGen       total 645632K, used 645213K [0x0000000080000000, 0x00000000a7680000, 0x00000000d5580000)
  object space 645632K, 99% used [0x0000000080000000,0x00000000a76177f0,0x00000000a7680000)
 Metaspace       used 92013K, committed 93632K, reserved 1179648K
  class space    used 10663K, committed 11392K, reserved 1048576K
}
Event: 8771.608 GC heap before
{Heap before GC invocations=1317 (full 4):
 PSYoungGen      total 2048K, used 2048K [0x00000000d5580000, 0x00000000d5900000, 0x0000000100000000)
  eden space 1536K, 100% used [0x00000000d5580000,0x00000000d5700000,0x00000000d5700000)
  from space 512K, 100% used [0x00000000d5800000,0x00000000d5880000,0x00000000d5880000)
  to   space 1024K, 0% used [0x00000000d5700000,0x00000000d5700000,0x00000000d5800000)
 ParOldGen       total 645632K, used 645213K [0x0000000080000000, 0x00000000a7680000, 0x00000000d5580000)
  object space 645632K, 99% used [0x0000000080000000,0x00000000a76177f0,0x00000000a7680000)
 Metaspace       used 92013K, committed 93632K, reserved 1179648K
  class space    used 10663K, committed 11392K, reserved 1048576K
}
Event: 8771.610 GC heap after
{Heap after GC invocations=1317 (full 4):
 PSYoungGen      total 2560K, used 608K [0x00000000d5580000, 0x00000000d5900000, 0x0000000100000000)
  eden space 1536K, 0% used [0x00000000d5580000,0x00000000d5580000,0x00000000d5700000)
  from space 1024K, 59% used [0x00000000d5700000,0x00000000d5798000,0x00000000d5800000)
  to   space 1024K, 0% used [0x00000000d5800000,0x00000000d5800000,0x00000000d5900000)
 ParOldGen       total 646144K, used 645675K [0x0000000080000000, 0x00000000a7700000, 0x00000000d5580000)
  object space 646144K, 99% used [0x0000000080000000,0x00000000a768ade0,0x00000000a7700000)
 Metaspace       used 92013K, committed 93632K, reserved 1179648K
  class space    used 10663K, committed 11392K, reserved 1048576K
}
Event: 8771.627 GC heap before
{Heap before GC invocations=1318 (full 4):
 PSYoungGen      total 2560K, used 2144K [0x00000000d5580000, 0x00000000d5900000, 0x0000000100000000)
  eden space 1536K, 100% used [0x00000000d5580000,0x00000000d5700000,0x00000000d5700000)
  from space 1024K, 59% used [0x00000000d5700000,0x00000000d5798000,0x00000000d5800000)
  to   space 1024K, 0% used [0x00000000d5800000,0x00000000d5800000,0x00000000d5900000)
 ParOldGen       total 646144K, used 645675K [0x0000000080000000, 0x00000000a7700000, 0x00000000d5580000)
  object space 646144K, 99% used [0x0000000080000000,0x00000000a768ade0,0x00000000a7700000)
 Metaspace       used 92013K, committed 93632K, reserved 1179648K
  class space    used 10663K, committed 11392K, reserved 1048576K
}
Event: 8771.629 GC heap after
{Heap after GC invocations=1318 (full 4):
 PSYoungGen      total 2560K, used 489K [0x00000000d5580000, 0x00000000d5900000, 0x0000000100000000)
  eden space 1536K, 0% used [0x00000000d5580000,0x00000000d5580000,0x00000000d5700000)
  from space 1024K, 47% used [0x00000000d5800000,0x00000000d587a400,0x00000000d5900000)
  to   space 1024K, 0% used [0x00000000d5700000,0x00000000d5700000,0x00000000d5800000)
 ParOldGen       total 646144K, used 645809K [0x0000000080000000, 0x00000000a7700000, 0x00000000d5580000)
  object space 646144K, 99% used [0x0000000080000000,0x00000000a76ac5a8,0x00000000a7700000)
 Metaspace       used 92013K, committed 93632K, reserved 1179648K
  class space    used 10663K, committed 11392K, reserved 1048576K
}
Event: 8771.638 GC heap before
{Heap before GC invocations=1319 (full 4):
 PSYoungGen      total 2560K, used 2025K [0x00000000d5580000, 0x00000000d5900000, 0x0000000100000000)
  eden space 1536K, 100% used [0x00000000d5580000,0x00000000d5700000,0x00000000d5700000)
  from space 1024K, 47% used [0x00000000d5800000,0x00000000d587a400,0x00000000d5900000)
  to   space 1024K, 0% used [0x00000000d5700000,0x00000000d5700000,0x00000000d5800000)
 ParOldGen       total 646144K, used 645809K [0x0000000080000000, 0x00000000a7700000, 0x00000000d5580000)
  object space 646144K, 99% used [0x0000000080000000,0x00000000a76ac5a8,0x00000000a7700000)
 Metaspace       used 92014K, committed 93632K, reserved 1179648K
  class space    used 10663K, committed 11392K, reserved 1048576K
}
Event: 8771.641 GC heap after
{Heap after GC invocations=1319 (full 4):
 PSYoungGen      total 2560K, used 560K [0x00000000d5580000, 0x00000000d5900000, 0x0000000100000000)
  eden space 1536K, 0% used [0x00000000d5580000,0x00000000d5580000,0x00000000d5700000)
  from space 1024K, 54% used [0x00000000d5700000,0x00000000d578c010,0x00000000d5800000)
  to   space 1024K, 0% used [0x00000000d5800000,0x00000000d5800000,0x00000000d5900000)
 ParOldGen       total 646656K, used 646163K [0x0000000080000000, 0x00000000a7780000, 0x00000000d5580000)
  object space 646656K, 99% used [0x0000000080000000,0x00000000a7704c38,0x00000000a7780000)
 Metaspace       used 92014K, committed 93632K, reserved 1179648K
  class space    used 10663K, committed 11392K, reserved 1048576K
}
Event: 8771.649 GC heap before
{Heap before GC invocations=1320 (full 4):
 PSYoungGen      total 2560K, used 2096K [0x00000000d5580000, 0x00000000d5900000, 0x0000000100000000)
  eden space 1536K, 100% used [0x00000000d5580000,0x00000000d5700000,0x00000000d5700000)
  from space 1024K, 54% used [0x00000000d5700000,0x00000000d578c010,0x00000000d5800000)
  to   space 1024K, 0% used [0x00000000d5800000,0x00000000d5800000,0x00000000d5900000)
 ParOldGen       total 646656K, used 646163K [0x0000000080000000, 0x00000000a7780000, 0x00000000d5580000)
  object space 646656K, 99% used [0x0000000080000000,0x00000000a7704c38,0x00000000a7780000)
 Metaspace       used 92015K, committed 93632K, reserved 1179648K
  class space    used 10663K, committed 11392K, reserved 1048576K
}
Event: 8771.651 GC heap after
{Heap after GC invocations=1320 (full 4):
 PSYoungGen      total 2560K, used 500K [0x00000000d5580000, 0x00000000d5900000, 0x0000000100000000)
  eden space 1536K, 0% used [0x00000000d5580000,0x00000000d5580000,0x00000000d5700000)
  from space 1024K, 48% used [0x00000000d5800000,0x00000000d587d210,0x00000000d5900000)
  to   space 1024K, 0% used [0x00000000d5700000,0x00000000d5700000,0x00000000d5800000)
 ParOldGen       total 646656K, used 646595K [0x0000000080000000, 0x00000000a7780000, 0x00000000d5580000)
  object space 646656K, 99% used [0x0000000080000000,0x00000000a7770c58,0x00000000a7780000)
 Metaspace       used 92015K, committed 93632K, reserved 1179648K
  class space    used 10663K, committed 11392K, reserved 1048576K
}
Event: 8771.656 GC heap before
{Heap before GC invocations=1321 (full 4):
 PSYoungGen      total 2560K, used 2036K [0x00000000d5580000, 0x00000000d5900000, 0x0000000100000000)
  eden space 1536K, 100% used [0x00000000d5580000,0x00000000d5700000,0x00000000d5700000)
  from space 1024K, 48% used [0x00000000d5800000,0x00000000d587d210,0x00000000d5900000)
  to   space 1024K, 0% used [0x00000000d5700000,0x00000000d5700000,0x00000000d5800000)
 ParOldGen       total 646656K, used 646595K [0x0000000080000000, 0x00000000a7780000, 0x00000000d5580000)
  object space 646656K, 99% used [0x0000000080000000,0x00000000a7770c58,0x00000000a7780000)
 Metaspace       used 92015K, committed 93632K, reserved 1179648K
  class space    used 10663K, committed 11392K, reserved 1048576K
}
Event: 8771.658 GC heap after
{Heap after GC invocations=1321 (full 4):
 PSYoungGen      total 2560K, used 576K [0x00000000d5580000, 0x00000000d5900000, 0x0000000100000000)
  eden space 1536K, 0% used [0x00000000d5580000,0x00000000d5580000,0x00000000d5700000)
  from space 1024K, 56% used [0x00000000d5700000,0x00000000d5790020,0x00000000d5800000)
  to   space 1024K, 0% used [0x00000000d5800000,0x00000000d5800000,0x00000000d5900000)
 ParOldGen       total 647168K, used 647018K [0x0000000080000000, 0x00000000a7800000, 0x00000000d5580000)
  object space 647168K, 99% used [0x0000000080000000,0x00000000a77da870,0x00000000a7800000)
 Metaspace       used 92015K, committed 93632K, reserved 1179648K
  class space    used 10663K, committed 11392K, reserved 1048576K
}
Event: 8781.347 GC heap before
{Heap before GC invocations=1322 (full 4):
 PSYoungGen      total 2560K, used 2112K [0x00000000d5580000, 0x00000000d5900000, 0x0000000100000000)
  eden space 1536K, 100% used [0x00000000d5580000,0x00000000d5700000,0x00000000d5700000)
  from space 1024K, 56% used [0x00000000d5700000,0x00000000d5790020,0x00000000d5800000)
  to   space 1024K, 0% used [0x00000000d5800000,0x00000000d5800000,0x00000000d5900000)
 ParOldGen       total 647168K, used 647018K [0x0000000080000000, 0x00000000a7800000, 0x00000000d5580000)
  object space 647168K, 99% used [0x0000000080000000,0x00000000a77da870,0x00000000a7800000)
 Metaspace       used 92016K, committed 93632K, reserved 1179648K
  class space    used 10663K, committed 11392K, reserved 1048576K
}
Event: 8781.352 GC heap after
{Heap after GC invocations=1322 (full 4):
 PSYoungGen      total 2048K, used 320K [0x00000000d5580000, 0x00000000d5880000, 0x0000000100000000)
  eden space 1536K, 0% used [0x00000000d5580000,0x00000000d5580000,0x00000000d5700000)
  from space 512K, 62% used [0x00000000d5800000,0x00000000d5850000,0x00000000d5880000)
  to   space 512K, 0% used [0x00000000d5780000,0x00000000d5780000,0x00000000d5800000)
 ParOldGen       total 647680K, used 647450K [0x0000000080000000, 0x00000000a7880000, 0x00000000d5580000)
  object space 647680K, 99% used [0x0000000080000000,0x00000000a7846890,0x00000000a7880000)
 Metaspace       used 92016K, committed 93632K, reserved 1179648K
  class space    used 10663K, committed 11392K, reserved 1048576K
}
Event: 8840.213 GC heap before
{Heap before GC invocations=1323 (full 4):
 PSYoungGen      total 2048K, used 1856K [0x00000000d5580000, 0x00000000d5880000, 0x0000000100000000)
  eden space 1536K, 100% used [0x00000000d5580000,0x00000000d5700000,0x00000000d5700000)
  from space 512K, 62% used [0x00000000d5800000,0x00000000d5850000,0x00000000d5880000)
  to   space 512K, 0% used [0x00000000d5780000,0x00000000d5780000,0x00000000d5800000)
 ParOldGen       total 647680K, used 647450K [0x0000000080000000, 0x00000000a7880000, 0x00000000d5580000)
  object space 647680K, 99% used [0x0000000080000000,0x00000000a7846890,0x00000000a7880000)
 Metaspace       used 92019K, committed 93632K, reserved 1179648K
  class space    used 10663K, committed 11392K, reserved 1048576K
}
Event: 8840.216 GC heap after
{Heap after GC invocations=1323 (full 4):
 PSYoungGen      total 2048K, used 224K [0x00000000d5580000, 0x00000000d5880000, 0x0000000100000000)
  eden space 1536K, 0% used [0x00000000d5580000,0x00000000d5580000,0x00000000d5700000)
  from space 512K, 43% used [0x00000000d5780000,0x00000000d57b8000,0x00000000d5800000)
  to   space 512K, 0% used [0x00000000d5800000,0x00000000d5800000,0x00000000d5880000)
 ParOldGen       total 647680K, used 647593K [0x0000000080000000, 0x00000000a7880000, 0x00000000d5580000)
  object space 647680K, 99% used [0x0000000080000000,0x00000000a786a748,0x00000000a7880000)
 Metaspace       used 92019K, committed 93632K, reserved 1179648K
  class space    used 10663K, committed 11392K, reserved 1048576K
}
Event: 8929.724 GC heap before
{Heap before GC invocations=1324 (full 4):
 PSYoungGen      total 2048K, used 1760K [0x00000000d5580000, 0x00000000d5880000, 0x0000000100000000)
  eden space 1536K, 100% used [0x00000000d5580000,0x00000000d5700000,0x00000000d5700000)
  from space 512K, 43% used [0x00000000d5780000,0x00000000d57b8000,0x00000000d5800000)
  to   space 512K, 0% used [0x00000000d5800000,0x00000000d5800000,0x00000000d5880000)
 ParOldGen       total 647680K, used 647593K [0x0000000080000000, 0x00000000a7880000, 0x00000000d5580000)
  object space 647680K, 99% used [0x0000000080000000,0x00000000a786a748,0x00000000a7880000)
 Metaspace       used 92022K, committed 93632K, reserved 1179648K
  class space    used 10663K, committed 11392K, reserved 1048576K
}
Event: 8929.734 GC heap after
{Heap after GC invocations=1324 (full 4):
 PSYoungGen      total 2048K, used 256K [0x00000000d5580000, 0x00000000d5880000, 0x0000000100000000)
  eden space 1536K, 0% used [0x00000000d5580000,0x00000000d5580000,0x00000000d5700000)
  from space 512K, 50% used [0x00000000d5800000,0x00000000d5840000,0x00000000d5880000)
  to   space 512K, 0% used [0x00000000d5780000,0x00000000d5780000,0x00000000d5800000)
 ParOldGen       total 647680K, used 647625K [0x0000000080000000, 0x00000000a7880000, 0x00000000d5580000)
  object space 647680K, 99% used [0x0000000080000000,0x00000000a7872748,0x00000000a7880000)
 Metaspace       used 92022K, committed 93632K, reserved 1179648K
  class space    used 10663K, committed 11392K, reserved 1048576K
}

